timestamp,gpu_util%,mem_util%,mem_used_mb,mem_total_mb,temp_c
2025-11-23 05:05:02,82  45  11454  23034  83
2025-11-23 05:05:07,0  0  18148  23034  79
2025-11-23 05:05:12,0  0  18148  23034  77
2025-11-23 05:05:17,0  0  18148  23034  75
2025-11-23 05:05:22,0  0  18148  23034  73
2025-11-23 05:05:27,100  62  18660  23034  77
2025-11-23 05:05:32,100  69  20200  23034  79
2025-11-23 05:05:37,87  70  20200  23034  80
2025-11-23 05:05:42,100  38  20200  23034  81
2025-11-23 05:05:47,100  65  20200  23034  80
2025-11-23 05:05:52,100  67  20200  23034  78
2025-11-23 05:05:57,100  66  20200  23034  77
2025-11-23 05:06:02,100  55  20200  23034  76
2025-11-23 05:06:07,92  100  20200  23034  74
2025-11-23 05:06:12,95  100  20200  23034  74
2025-11-23 05:06:17,100  68  20202  23034  74
2025-11-23 05:06:22,100  72  20202  23034  75
2025-11-23 05:06:27,100  70  20202  23034  75
2025-11-23 05:06:32,100  70  20202  23034  76
2025-11-23 05:06:37,100  60  20202  23034  77
2025-11-23 05:06:42,92  100  20202  23034  76
2025-11-23 05:06:47,95  100  20202  23034  76
2025-11-23 05:06:53,93  100  20202  23034  77
2025-11-23 05:06:58,85  93  20202  23034  77
2025-11-23 05:07:03,0  0  20202  23034  73
2025-11-23 05:07:08,100  55  20202  23034  76
2025-11-23 05:07:13,100  24  20202  23034  79
2025-11-23 05:07:18,100  70  20202  23034  78
2025-11-23 05:07:23,100  61  20202  23034  79
2025-11-23 05:07:28,100  69  20202  23034  81
2025-11-23 05:07:33,100  67  20202  23034  80
2025-11-23 05:07:38,100  67  20202  23034  79
2025-11-23 05:07:43,100  66  20202  23034  77
2025-11-23 05:07:48,94  100  20202  23034  75
2025-11-23 05:07:53,94  100  20202  23034  75
2025-11-23 05:07:58,0  0  20202  23034  72
2025-11-23 05:08:03,100  70  20202  23034  75
2025-11-23 05:08:08,100  70  20202  23034  76
2025-11-23 05:08:13,93  74  20202  23034  76
2025-11-23 05:08:18,100  70  20202  23034  76
2025-11-23 05:08:23,95  100  20202  23034  75
2025-11-23 05:08:28,93  100  20202  23034  75
2025-11-23 05:08:33,92  100  20202  23034  76
2025-11-23 05:08:38,95  100  20202  23034  76
2025-11-23 05:08:43,0  0  20202  23034  73
2025-11-23 05:08:48,0  0  20202  23034  72
2025-11-23 05:08:53,100  62  20202  23034  76
2025-11-23 05:08:58,100  66  20202  23034  78
2025-11-23 05:09:03,100  48  20202  23034  80
2025-11-23 05:09:08,100  70  20202  23034  81
2025-11-23 05:09:13,100  61  20202  23034  81
2025-11-23 05:09:18,100  65  20202  23034  81
2025-11-23 05:09:23,100  70  20202  23034  80
2025-11-23 05:09:28,96  100  20202  23034  77
2025-11-23 05:09:34,93  100  20202  23034  76
2025-11-23 05:09:39,94  100  20202  23034  75
2025-11-23 05:09:44,100  68  20202  23034  75
2025-11-23 05:09:49,100  68  20202  23034  75
2025-11-23 05:09:54,100  70  20202  23034  75
2025-11-23 05:09:59,100  70  20202  23034  75
2025-11-23 05:10:04,100  69  20202  23034  76
2025-11-23 05:10:09,93  100  20202  23034  75
2025-11-23 05:10:14,93  100  20202  23034  75
2025-11-23 05:10:19,95  100  20202  23034  76
2025-11-23 05:10:24,95  100  20202  23034  76
2025-11-23 05:10:29,0  0  20202  23034  74
2025-11-23 05:10:34,0  0  20202  23034  72
2025-11-23 05:10:39,100  65  20202  23034  76
2025-11-23 05:10:44,100  64  20202  23034  78
2025-11-23 05:10:49,100  58  20202  23034  79
2025-11-23 05:10:54,100  70  20202  23034  81
2025-11-23 05:10:59,100  65  20202  23034  81
2025-11-23 05:11:04,100  68  20202  23034  82
2025-11-23 05:11:09,100  69  20202  23034  80
2025-11-23 05:11:14,100  65  20202  23034  78
2025-11-23 05:11:19,93  100  20202  23034  76
2025-11-23 05:11:24,94  100  20202  23034  75
2025-11-23 05:11:29,0  0  20202  23034  72
2025-11-23 05:11:34,100  62  20202  23034  75
2025-11-23 05:11:39,100  71  20202  23034  75
2025-11-23 05:11:44,100  69  20202  23034  76
2025-11-23 05:11:49,100  67  20202  23034  75
2025-11-23 05:11:54,100  71  20202  23034  76
2025-11-23 05:11:59,94  100  20202  23034  75
2025-11-23 05:12:04,95  100  20202  23034  75
2025-11-23 05:12:10,92  100  20202  23034  76
2025-11-23 05:12:15,92  100  20202  23034  76
2025-11-23 05:12:20,0  0  20202  23034  74
2025-11-23 05:12:25,0  0  20202  23034  73
2025-11-23 05:12:30,96  72  20202  23034  75
2025-11-23 05:12:35,100  28  20202  23034  76
2025-11-23 05:12:40,100  60  20202  23034  79
2025-11-23 05:12:45,100  65  20202  23034  80
2025-11-23 05:12:50,100  69  20202  23034  82
2025-11-23 05:12:55,87  73  20202  23034  82
2025-11-23 05:13:00,100  65  20202  23034  80
2025-11-23 05:13:05,100  60  20202  23034  78
2025-11-23 05:13:10,96  100  20202  23034  77
2025-11-23 05:13:15,94  100  20202  23034  75
2025-11-23 05:13:20,0  0  20202  23034  72
2025-11-23 05:13:25,100  65  20202  23034  75
2025-11-23 05:13:30,94  66  20202  23034  74
2025-11-23 05:13:35,100  69  20202  23034  75
2025-11-23 05:13:40,100  70  20202  23034  75
2025-11-23 05:13:45,92  99  20202  23034  75
2025-11-23 05:13:50,92  100  20202  23034  75
2025-11-23 05:13:55,95  100  20202  23034  75
2025-11-23 05:14:00,93  100  20202  23034  75
2025-11-23 05:14:05,0  0  20202  23034  73
2025-11-23 05:14:10,0  0  20202  23034  72
2025-11-23 05:14:15,100  61  20202  23034  76
2025-11-23 05:14:20,100  63  20202  23034  77
2025-11-23 05:14:25,100  64  20202  23034  80
2025-11-23 05:14:30,100  32  20202  23034  80
2025-11-23 05:14:35,100  64  20202  23034  81
2025-11-23 05:14:41,100  65  20202  23034  81
2025-11-23 05:14:46,100  66  20202  23034  79
2025-11-23 05:14:51,100  61  20202  23034  78
2025-11-23 05:14:56,96  100  20202  23034  76
2025-11-23 05:15:01,94  100  20202  23034  75
2025-11-23 05:15:06,100  69  20202  23034  74
2025-11-23 05:15:11,100  70  20202  23034  74
2025-11-23 05:15:16,100  70  20202  23034  75
2025-11-23 05:15:21,100  69  20202  23034  76
2025-11-23 05:15:26,100  64  20202  23034  76
2025-11-23 05:15:31,92  98  20202  23034  75
2025-11-23 05:15:36,93  100  20202  23034  75
2025-11-23 05:15:41,93  100  20202  23034  76
2025-11-23 05:15:46,93  100  20202  23034  76
2025-11-23 05:15:51,0  0  20202  23034  73
2025-11-23 05:15:56,0  0  20202  23034  72
2025-11-23 05:16:01,100  27  20202  23034  78
2025-11-23 05:16:06,100  63  20202  23034  78
2025-11-23 05:16:11,100  64  20202  23034  80
2025-11-23 05:16:16,100  69  20202  23034  81
2025-11-23 05:16:21,100  66  20202  23034  82
2025-11-23 05:16:26,100  45  20202  23034  80
2025-11-23 05:16:31,100  67  20202  23034  79
2025-11-23 05:16:36,95  100  20202  23034  76
2025-11-23 05:16:41,93  100  20202  23034  75
2025-11-23 05:16:46,96  100  20202  23034  75
2025-11-23 05:16:51,100  70  20202  23034  75
2025-11-23 05:16:56,100  69  20202  23034  75
2025-11-23 05:17:01,100  66  20202  23034  75
2025-11-23 05:17:06,100  74  20202  23034  76
2025-11-23 05:17:11,94  100  20202  23034  75
2025-11-23 05:17:16,92  99  20202  23034  75
2025-11-23 05:17:21,95  100  20202  23034  76
2025-11-23 05:17:27,93  100  20202  23034  76
2025-11-23 05:17:32,0  0  20202  23034  73
2025-11-23 05:17:37,0  0  20202  23034  72
2025-11-23 05:17:42,100  71  20202  23034  75
2025-11-23 05:17:47,100  69  20202  23034  77
2025-11-23 05:17:52,100  66  20202  23034  79
2025-11-23 05:17:57,100  63  20202  23034  80
2025-11-23 05:18:02,100  42  20202  23034  81
2025-11-23 05:18:07,100  57  20202  23034  81
2025-11-23 05:18:12,100  66  20202  23034  81
2025-11-23 05:18:17,100  63  20202  23034  79
2025-11-23 05:18:22,96  100  20202  23034  77
2025-11-23 05:18:27,94  100  20202  23034  75
2025-11-23 05:18:32,100  67  20202  23034  76
2025-11-23 05:18:37,100  69  20202  23034  75
2025-11-23 05:18:42,100  69  20202  23034  75
2025-11-23 05:18:47,100  70  20202  23034  75
2025-11-23 05:18:52,100  76  20202  23034  75
2025-11-23 05:18:57,95  100  20202  23034  75
2025-11-23 05:19:02,95  100  20202  23034  75
2025-11-23 05:19:07,94  100  20202  23034  75
2025-11-23 05:19:12,91  98  20202  23034  76
2025-11-23 05:19:17,0  0  20202  23034  73
2025-11-23 05:19:22,0  0  20202  23034  72
2025-11-23 05:19:27,100  65  20202  23034  76
2025-11-23 05:19:32,100  66  20202  23034  78
2025-11-23 05:19:37,87  74  20202  23034  79
2025-11-23 05:19:42,100  33  20202  23034  81
2025-11-23 05:19:47,100  65  20202  23034  82
2025-11-23 05:19:52,100  67  20202  23034  82
2025-11-23 05:19:57,100  70  20202  23034  80
2025-11-23 05:20:02,100  58  20202  23034  78
2025-11-23 05:20:07,96  100  20202  23034  76
2025-11-23 05:20:12,94  100  20202  23034  75
2025-11-23 05:20:17,100  70  20202  23034  74
2025-11-23 05:20:22,100  68  20202  23034  75
2025-11-23 05:20:28,100  67  20202  23034  75
2025-11-23 05:20:33,100  70  20202  23034  75
2025-11-23 05:20:38,100  66  20202  23034  76
2025-11-23 05:20:43,95  100  20202  23034  75
2025-11-23 05:20:48,93  100  20202  23034  75
2025-11-23 05:20:53,93  100  20202  23034  76
2025-11-23 05:20:58,94  100  20202  23034  76
2025-11-23 05:21:03,0  0  20202  23034  73
2025-11-23 05:21:08,0  0  20202  23034  72
2025-11-23 05:21:13,100  68  20202  23034  76
2025-11-23 05:21:18,100  68  20202  23034  78
2025-11-23 05:21:23,100  69  20202  23034  79
2025-11-23 05:21:28,100  70  20202  23034  80
2025-11-23 05:21:33,100  52  20202  23034  82
2025-11-23 05:21:38,100  67  20202  23034  82
2025-11-23 05:21:43,100  68  20202  23034  80
2025-11-23 05:21:48,100  59  20202  23034  78
2025-11-23 05:21:53,94  100  20202  23034  76
2025-11-23 05:21:58,94  100  20202  23034  75
2025-11-23 05:22:03,100  69  20202  23034  75
2025-11-23 05:22:08,100  67  20202  23034  75
2025-11-23 05:22:13,100  63  20202  23034  75
2025-11-23 05:22:18,100  68  20202  23034  75
2025-11-23 05:22:23,100  75  20202  23034  76
2025-11-23 05:22:28,95  100  20202  23034  75
2025-11-23 05:22:33,93  100  20202  23034  75
2025-11-23 05:22:38,93  100  20202  23034  76
2025-11-23 05:22:43,94  100  20202  23034  76
2025-11-23 05:22:48,0  0  20202  23034  73
2025-11-23 05:22:53,0  0  20202  23034  72
2025-11-23 05:22:58,100  60  20202  23034  76
2025-11-23 05:23:03,100  64  20202  23034  79
2025-11-23 05:23:08,100  68  20202  23034  80
2025-11-23 05:23:13,100  69  20202  23034  81
2025-11-23 05:23:19,100  69  20202  23034  82
2025-11-23 05:23:24,100  41  20202  23034  81
2025-11-23 05:23:29,100  69  20202  23034  79
2025-11-23 05:23:34,93  100  20202  23034  76
2025-11-23 05:23:39,94  100  20202  23034  75
2025-11-23 05:23:44,94  100  20202  23034  75
2025-11-23 05:23:49,100  69  20202  23034  75
2025-11-23 05:23:54,100  68  20202  23034  75
2025-11-23 05:23:59,100  70  20202  23034  76
2025-11-23 05:24:04,100  67  20202  23034  76
2025-11-23 05:24:09,95  100  20202  23034  75
2025-11-23 05:24:14,95  100  20202  23034  75
2025-11-23 05:24:19,95  100  20202  23034  75
2025-11-23 05:24:24,94  100  20202  23034  76
2025-11-23 05:24:29,0  0  20202  23034  74
2025-11-23 05:24:34,0  0  20202  23034  73
2025-11-23 05:24:39,100  38  20202  23034  76
2025-11-23 05:24:44,74  82  20202  23034  77
2025-11-23 05:24:49,79  87  20202  23034  78
2025-11-23 05:24:54,100  68  20202  23034  80
2025-11-23 05:24:59,79  88  20202  23034  80
2025-11-23 05:25:04,100  59  20202  23034  81
2025-11-23 05:25:09,78  87  20202  23034  81
2025-11-23 05:25:14,77  84  20202  23034  79
2025-11-23 05:25:19,100  62  20202  23034  78
2025-11-23 05:25:24,79  87  20202  23034  76
2025-11-23 05:25:29,100  55  20202  23034  76
2025-11-23 05:25:34,78  86  20202  23034  75
2025-11-23 05:25:39,80  88  20202  23034  74
2025-11-23 05:25:44,100  74  20202  23034  75
2025-11-23 05:25:49,80  89  20202  23034  74
2025-11-23 05:25:54,100  33  20202  23034  75
2025-11-23 05:25:59,76  84  20202  23034  75
2025-11-23 05:26:04,77  85  20202  23034  75
2025-11-23 05:26:10,100  72  20202  23034  75
2025-11-23 05:26:15,77  85  20202  23034  77
2025-11-23 05:26:20,100  44  20202  23034  78
2025-11-23 05:26:25,79  87  20202  23034  78
2025-11-23 05:26:30,78  86  20202  23034  78
2025-11-23 05:26:35,100  68  20202  23034  79
2025-11-23 05:26:40,100  69  20202  23034  79
2025-11-23 05:26:45,100  68  20202  23034  78
2025-11-23 05:26:50,94  71  20202  23034  78
2025-11-23 05:26:55,89  96  20202  23034  76
2025-11-23 05:27:00,92  100  20202  23034  76
2025-11-23 05:27:05,95  100  20202  23034  75
2025-11-23 05:27:10,92  100  20202  23034  75
2025-11-23 05:27:15,0  0  20202  23034  72
2025-11-23 05:27:20,0  0  20202  23034  70
2025-11-23 05:27:25,100  71  20202  23034  73
2025-11-23 05:27:30,100  67  20202  23034  75
2025-11-23 05:27:35,100  64  20202  23034  77
2025-11-23 05:27:40,100  65  20202  23034  79
2025-11-23 05:27:45,100  69  20202  23034  80
2025-11-23 05:27:50,100  64  20202  23034  81
2025-11-23 05:27:55,100  59  20202  23034  81
2025-11-23 05:28:00,100  66  20202  23034  80
2025-11-23 05:28:05,92  100  20202  23034  77
2025-11-23 05:28:10,94  100  20202  23034  76
2025-11-23 05:28:15,100  61  20202  23034  76
2025-11-23 05:28:20,100  69  20202  23034  76
2025-11-23 05:28:25,100  70  20202  23034  76
2025-11-23 05:28:30,100  67  20202  23034  75
2025-11-23 05:28:35,100  78  20202  23034  75
2025-11-23 05:28:40,94  100  20202  23034  75
2025-11-23 05:28:45,94  100  20202  23034  75
2025-11-23 05:28:50,93  100  20202  23034  75
2025-11-23 05:28:56,93  100  20202  23034  76
2025-11-23 05:29:01,0  0  20202  23034  73
2025-11-23 05:29:06,0  0  20202  23034  72
2025-11-23 05:29:11,100  65  20202  23034  76
2025-11-23 05:29:16,100  63  20202  23034  77
2025-11-23 05:29:21,100  62  20202  23034  78
2025-11-23 05:29:26,100  66  20202  23034  80
2025-11-23 05:29:31,100  41  20202  23034  82
2025-11-23 05:29:36,100  68  20202  23034  82
2025-11-23 05:29:41,100  69  20202  23034  81
2025-11-23 05:29:46,100  58  20202  23034  78
2025-11-23 05:29:51,96  100  20202  23034  76
2025-11-23 05:29:56,96  100  20202  23034  75
2025-11-23 05:30:01,93  74  20202  23034  75
2025-11-23 05:30:06,100  69  20202  23034  75
2025-11-23 05:30:11,100  66  20202  23034  75
2025-11-23 05:30:16,100  69  20202  23034  76
2025-11-23 05:30:21,92  61  20202  23034  75
2025-11-23 05:30:26,92  100  20202  23034  75
2025-11-23 05:30:31,92  100  20202  23034  75
2025-11-23 05:30:36,93  100  20202  23034  75
2025-11-23 05:30:41,95  100  20202  23034  76
2025-11-23 05:30:46,0  0  20202  23034  73
2025-11-23 05:30:51,0  0  20202  23034  72
2025-11-23 05:30:56,100  71  20202  23034  76
2025-11-23 05:31:01,100  60  20202  23034  77
2025-11-23 05:31:06,100  66  20202  23034  79
2025-11-23 05:31:11,100  68  20202  23034  81
2025-11-23 05:31:16,100  64  20202  23034  81
2025-11-23 05:31:21,100  61  20202  23034  82
2025-11-23 05:31:26,100  55  20202  23034  80
2025-11-23 05:31:31,100  70  20202  23034  79
2025-11-23 05:31:36,94  100  20202  23034  76
2025-11-23 05:31:42,95  100  20202  23034  75
2025-11-23 05:31:47,97  83  20202  23034  75
2025-11-23 05:31:52,100  69  20202  23034  75
2025-11-23 05:31:57,100  70  20202  23034  75
2025-11-23 05:32:02,100  70  20202  23034  75
2025-11-23 05:32:07,100  65  20202  23034  75
2025-11-23 05:32:12,94  100  20202  23034  75
2025-11-23 05:32:17,92  100  20202  23034  75
2025-11-23 05:32:22,93  99  20202  23034  75
2025-11-23 05:32:27,93  100  20202  23034  76
2025-11-23 05:32:32,0  0  20202  23034  73
2025-11-23 05:32:37,0  0  20202  23034  72
2025-11-23 05:32:42,100  69  20202  23034  75
2025-11-23 05:32:47,100  65  20202  23034  77
2025-11-23 05:32:52,100  58  20202  23034  78
2025-11-23 05:32:57,100  68  20202  23034  81
2025-11-23 05:33:02,100  36  20202  23034  82
2025-11-23 05:33:07,100  44  20202  23034  82
2025-11-23 05:33:12,100  59  20202  23034  80
2025-11-23 05:33:17,100  68  20202  23034  79
2025-11-23 05:33:22,94  100  20202  23034  76
2025-11-23 05:33:27,94  100  20202  23034  75
2025-11-23 05:33:32,0  0  20202  23034  72
2025-11-23 05:33:37,100  63  20202  23034  74
2025-11-23 05:33:42,100  68  20202  23034  75
2025-11-23 05:33:47,100  70  20202  23034  75
2025-11-23 05:33:52,100  70  20202  23034  75
2025-11-23 05:33:57,95  100  20202  23034  74
2025-11-23 05:34:02,94  100  20202  23034  75
2025-11-23 05:34:07,95  100  20202  23034  75
2025-11-23 05:34:12,93  100  20202  23034  76
2025-11-23 05:34:17,0  0  20202  23034  72
2025-11-23 05:34:23,0  0  20202  23034  71
2025-11-23 05:34:28,84  68  20202  23034  76
2025-11-23 05:34:33,100  63  20202  23034  78
2025-11-23 05:34:38,100  60  20202  23034  79
2025-11-23 05:34:43,100  64  20202  23034  81
2025-11-23 05:34:48,100  60  20202  23034  81
2025-11-23 05:34:53,100  53  20202  23034  81
2025-11-23 05:34:58,100  58  20202  23034  80
2025-11-23 05:35:03,95  100  20202  23034  77
2025-11-23 05:35:08,94  100  20202  23034  76
2025-11-23 05:35:13,93  100  20202  23034  75
2025-11-23 05:35:18,100  69  20202  23034  76
2025-11-23 05:35:23,100  70  20202  23034  75
2025-11-23 05:35:28,100  70  20202  23034  75
2025-11-23 05:35:33,100  67  20202  23034  75
2025-11-23 05:35:38,94  99  20202  23034  74
2025-11-23 05:35:43,94  100  20202  23034  75
2025-11-23 05:35:48,91  99  20202  23034  75
2025-11-23 05:35:53,93  100  20202  23034  76
2025-11-23 05:35:58,0  0  20202  23034  74
2025-11-23 05:36:03,0  0  20202  23034  72
2025-11-23 05:36:08,100  63  20202  23034  76
2025-11-23 05:36:13,100  69  20202  23034  78
2025-11-23 05:36:18,100  61  20202  23034  79
2025-11-23 05:36:23,87  72  20202  23034  79
2025-11-23 05:36:28,100  61  20202  23034  81
2025-11-23 05:36:33,100  66  20202  23034  81
2025-11-23 05:36:38,93  100  20202  23034  78
2025-11-23 05:36:43,93  100  20202  23034  77
2025-11-23 05:36:48,0  0  20202  23034  73
2025-11-23 05:36:53,100  69  20202  23034  76
2025-11-23 05:36:58,100  69  20202  23034  75
2025-11-23 05:37:03,100  70  20202  23034  76
2025-11-23 05:37:09,95  100  20202  23034  74
2025-11-23 05:37:14,95  100  20202  23034  75
2025-11-23 05:37:19,92  100  20202  23034  75
2025-11-23 05:37:24,92  100  20202  23034  75
2025-11-23 05:37:29,0  0  733  23034  72
2025-11-23 05:37:34,0  0  733  23034  71
2025-11-23 05:37:39,0  0  733  23034  71
2025-11-23 05:37:44,0  0  733  23034  70
2025-11-23 05:37:49,0  0  733  23034  70
2025-11-23 05:37:54,0  0  733  23034  71
2025-11-23 05:37:59,0  0  733  23034  71
2025-11-23 05:38:04,0  0  733  23034  71
2025-11-23 05:38:09,0  0  733  23034  71
2025-11-23 05:38:14,0  0  733  23034  71
2025-11-23 05:38:19,0  0  733  23034  71
2025-11-23 05:38:24,0  0  733  23034  71
2025-11-23 05:38:29,0  0  733  23034  71
2025-11-23 05:38:34,0  0  733  23034  71
2025-11-23 05:38:39,0  0  733  23034  71
2025-11-23 05:38:44,0  0  733  23034  71
2025-11-23 05:38:49,0  0  733  23034  71
2025-11-23 05:38:54,0  0  733  23034  71
2025-11-23 05:38:59,0  0  733  23034  72
2025-11-23 05:39:04,0  0  733  23034  72
2025-11-23 05:39:09,0  0  733  23034  72
2025-11-23 05:39:14,0  0  733  23034  72
2025-11-23 05:39:19,0  0  733  23034  72
2025-11-23 05:39:24,0  0  733  23034  72
2025-11-23 05:39:29,0  0  733  23034  72
2025-11-23 05:39:34,0  0  733  23034  72
2025-11-23 05:39:39,0  0  733  23034  72
2025-11-23 05:39:44,0  0  733  23034  72
2025-11-23 05:39:49,0  0  733  23034  72
2025-11-23 05:39:54,0  0  733  23034  72
2025-11-23 05:39:59,0  0  733  23034  73
2025-11-23 05:40:04,0  0  733  23034  73
2025-11-23 05:40:09,0  0  733  23034  73
2025-11-23 05:40:14,0  0  733  23034  73
2025-11-23 05:40:19,0  0  733  23034  73
2025-11-23 05:40:24,0  0  733  23034  73
2025-11-23 05:40:29,0  0  733  23034  73
2025-11-23 05:40:34,0  0  733  23034  73
2025-11-23 05:40:39,0  0  733  23034  73
2025-11-23 05:40:45,0  0  733  23034  73
2025-11-23 05:40:50,0  0  733  23034  73
2025-11-23 05:40:55,0  0  733  23034  73
2025-11-23 05:41:00,0  0  733  23034  73
2025-11-23 05:41:05,0  0  733  23034  73
2025-11-23 05:41:10,0  0  733  23034  73
2025-11-23 05:41:15,0  0  733  23034  73
2025-11-23 05:41:20,0  0  733  23034  73
2025-11-23 05:41:25,0  0  733  23034  73
2025-11-23 05:41:30,0  0  733  23034  73
2025-11-23 05:41:35,0  0  733  23034  73
2025-11-23 05:41:40,0  0  733  23034  73
2025-11-23 05:41:45,0  0  733  23034  73
2025-11-23 05:41:50,0  0  733  23034  73
2025-11-23 05:41:55,0  0  733  23034  73
2025-11-23 05:42:00,0  0  733  23034  73
2025-11-23 05:42:05,0  0  733  23034  73
2025-11-23 05:42:10,0  0  733  23034  73
2025-11-23 05:42:15,0  0  733  23034  73
2025-11-23 05:42:20,0  0  733  23034  73
2025-11-23 05:42:25,0  0  733  23034  73
2025-11-23 05:42:30,0  0  733  23034  73
2025-11-23 05:42:35,0  0  733  23034  73
2025-11-23 05:42:40,0  0  733  23034  73
2025-11-23 05:42:45,0  0  733  23034  72
2025-11-23 05:42:50,0  0  733  23034  72
2025-11-23 05:42:55,0  0  733  23034  72
2025-11-23 05:43:00,0  0  733  23034  72
2025-11-23 05:43:05,0  0  733  23034  72
2025-11-23 05:43:10,0  0  733  23034  72
2025-11-23 05:43:15,0  0  733  23034  72
2025-11-23 05:43:20,0  0  733  23034  72
2025-11-23 05:43:25,0  0  733  23034  72
2025-11-23 05:43:30,0  0  733  23034  72
2025-11-23 05:43:35,0  0  733  23034  72
2025-11-23 05:43:40,0  0  733  23034  72
2025-11-23 05:43:45,0  0  733  23034  72
2025-11-23 05:43:50,0  0  733  23034  72
2025-11-23 05:43:55,0  0  733  23034  72
2025-11-23 05:44:00,0  0  733  23034  72
2025-11-23 05:44:05,0  0  733  23034  72
2025-11-23 05:44:10,0  0  733  23034  72
2025-11-23 05:44:15,0  0  733  23034  72
2025-11-23 05:44:20,0  0  733  23034  72
2025-11-23 05:44:26,0  0  733  23034  72
2025-11-23 05:44:31,0  0  733  23034  72
2025-11-23 05:44:36,0  0  733  23034  72
2025-11-23 05:44:41,0  0  733  23034  72
2025-11-23 05:44:46,0  0  733  23034  72
2025-11-23 05:44:51,0  0  733  23034  72
2025-11-23 05:44:56,0  0  733  23034  72
2025-11-23 05:45:01,0  0  733  23034  72
2025-11-23 05:45:06,0  0  733  23034  72
2025-11-23 05:45:11,0  0  733  23034  72
2025-11-23 05:45:16,0  0  733  23034  72
2025-11-23 05:45:21,0  0  733  23034  72
2025-11-23 05:45:26,0  0  733  23034  72
2025-11-23 05:45:31,0  0  733  23034  72
2025-11-23 05:45:36,0  0  733  23034  72
2025-11-23 05:45:41,0  0  733  23034  72
2025-11-23 05:45:46,0  0  733  23034  72
2025-11-23 05:45:51,0  0  733  23034  72
2025-11-23 05:45:56,0  0  733  23034  72
2025-11-23 05:46:01,0  0  733  23034  72
2025-11-23 05:46:06,0  0  733  23034  72
2025-11-23 05:46:11,0  0  733  23034  72
2025-11-23 05:46:16,0  0  733  23034  72
2025-11-23 05:46:21,0  0  733  23034  72
2025-11-23 05:46:26,0  0  733  23034  72
2025-11-23 05:46:31,0  0  733  23034  72
2025-11-23 05:46:36,0  0  733  23034  72
2025-11-23 05:46:41,0  0  733  23034  72
2025-11-23 05:46:46,0  0  733  23034  72
2025-11-23 05:46:51,0  0  733  23034  72
2025-11-23 05:46:56,0  0  733  23034  72
2025-11-23 05:47:01,0  0  733  23034  72
2025-11-23 05:47:06,0  0  733  23034  72
2025-11-23 05:47:11,0  0  733  23034  72
2025-11-23 05:47:16,0  0  733  23034  72
2025-11-23 05:47:21,0  0  733  23034  72
2025-11-23 05:47:26,0  0  733  23034  72
2025-11-23 05:47:31,0  0  733  23034  72
2025-11-23 05:47:36,0  0  733  23034  72
2025-11-23 05:47:41,0  0  733  23034  72
2025-11-23 05:47:46,0  0  733  23034  72
2025-11-23 05:47:51,0  0  733  23034  72
2025-11-23 05:47:56,0  0  733  23034  72
2025-11-23 05:48:01,0  0  733  23034  72
2025-11-23 05:48:06,0  0  733  23034  72
2025-11-23 05:48:12,0  0  733  23034  72
2025-11-23 05:48:17,0  0  733  23034  72
2025-11-23 05:48:22,0  0  733  23034  72
2025-11-23 05:48:27,0  0  733  23034  72
2025-11-23 05:48:32,0  0  733  23034  72
2025-11-23 05:48:37,0  0  733  23034  72
2025-11-23 05:48:42,0  0  733  23034  72
2025-11-23 05:48:47,0  0  733  23034  72
2025-11-23 05:48:52,0  0  733  23034  72
2025-11-23 05:48:57,0  0  733  23034  72
2025-11-23 05:49:02,0  0  733  23034  72
2025-11-23 05:49:07,0  0  733  23034  72
2025-11-23 05:49:12,0  0  733  23034  72
2025-11-23 05:49:17,0  0  733  23034  72
2025-11-23 05:49:22,0  0  733  23034  72
2025-11-23 05:49:27,0  0  733  23034  72
2025-11-23 05:49:32,0  0  733  23034  72
2025-11-23 05:49:37,0  0  733  23034  72
2025-11-23 05:49:42,0  0  733  23034  72
2025-11-23 05:49:47,0  0  733  23034  72
2025-11-23 05:49:52,0  0  733  23034  72
2025-11-23 05:49:57,0  0  733  23034  72
2025-11-23 05:50:02,0  0  733  23034  72
2025-11-23 05:50:07,0  0  733  23034  72
2025-11-23 05:50:12,0  0  733  23034  72
2025-11-23 05:50:17,0  0  733  23034  72
2025-11-23 05:50:22,0  0  733  23034  72
2025-11-23 05:50:27,0  0  733  23034  72
2025-11-23 05:50:32,0  0  733  23034  72
2025-11-23 05:50:37,0  0  733  23034  72
2025-11-23 05:50:42,0  0  733  23034  72
2025-11-23 05:50:47,0  0  733  23034  72
2025-11-23 05:50:52,0  0  733  23034  72
2025-11-23 05:50:57,0  0  733  23034  72
2025-11-23 05:51:02,0  0  733  23034  72
2025-11-23 05:51:07,0  0  733  23034  72
2025-11-23 05:51:12,0  0  733  23034  72
2025-11-23 05:51:17,0  0  733  23034  72
2025-11-23 05:51:22,0  0  733  23034  72
2025-11-23 05:51:27,0  0  733  23034  72
2025-11-23 05:51:32,0  0  733  23034  72
2025-11-23 05:51:37,0  0  733  23034  72
2025-11-23 05:51:42,0  0  733  23034  72
2025-11-23 05:51:47,0  0  733  23034  72
2025-11-23 05:51:53,0  0  733  23034  72
2025-11-23 05:51:58,0  0  733  23034  72
2025-11-23 05:52:03,0  0  733  23034  72
2025-11-23 05:52:08,0  0  733  23034  72
2025-11-23 05:52:13,0  0  733  23034  72
2025-11-23 05:52:18,0  0  733  23034  72
2025-11-23 05:52:23,0  0  733  23034  72
2025-11-23 05:52:28,0  0  733  23034  72
2025-11-23 05:52:33,0  0  733  23034  72
2025-11-23 05:52:38,0  0  733  23034  72
2025-11-23 05:52:43,0  0  733  23034  72
2025-11-23 05:52:48,0  0  733  23034  72
2025-11-23 05:52:53,0  0  733  23034  72
2025-11-23 05:52:58,0  0  733  23034  72
2025-11-23 05:53:03,0  0  733  23034  72
2025-11-23 05:53:08,0  0  733  23034  72
2025-11-23 05:53:13,0  0  733  23034  72
2025-11-23 05:53:18,0  0  733  23034  72
2025-11-23 05:53:23,0  0  733  23034  72
2025-11-23 05:53:28,0  0  733  23034  72
2025-11-23 05:53:33,0  0  733  23034  72
2025-11-23 05:53:38,0  0  733  23034  72
2025-11-23 05:53:43,0  0  733  23034  72
2025-11-23 05:53:48,0  0  733  23034  72
2025-11-23 05:53:53,0  0  733  23034  72
2025-11-23 05:53:58,0  0  733  23034  72
2025-11-23 05:54:03,0  0  733  23034  72
2025-11-23 05:54:08,0  0  733  23034  72
2025-11-23 05:54:13,0  0  733  23034  72
2025-11-23 05:54:18,0  0  733  23034  72
2025-11-23 05:54:23,0  0  733  23034  72
2025-11-23 05:54:28,0  0  733  23034  72
2025-11-23 05:54:33,0  0  733  23034  72
2025-11-23 05:54:38,0  0  733  23034  72
2025-11-23 05:54:43,0  0  733  23034  72
2025-11-23 05:54:48,0  0  733  23034  72
2025-11-23 05:54:53,0  0  733  23034  72
2025-11-23 05:54:58,0  0  733  23034  72
2025-11-23 05:55:03,0  0  733  23034  72
2025-11-23 05:55:08,0  0  733  23034  72
2025-11-23 05:55:13,0  0  733  23034  72
2025-11-23 05:55:18,0  0  733  23034  72
2025-11-23 05:55:23,0  0  733  23034  72
2025-11-23 05:55:28,0  0  733  23034  72
2025-11-23 05:55:33,0  0  733  23034  72
2025-11-23 05:55:39,0  0  733  23034  72
2025-11-23 05:55:44,0  0  733  23034  72
2025-11-23 05:55:49,0  0  733  23034  72
2025-11-23 05:55:54,0  0  733  23034  72
2025-11-23 05:55:59,0  0  733  23034  72
2025-11-23 05:56:04,0  0  733  23034  72
2025-11-23 05:56:09,0  0  733  23034  72
2025-11-23 05:56:14,0  0  733  23034  72
2025-11-23 05:56:19,0  0  733  23034  72
2025-11-23 05:56:24,0  0  733  23034  72
2025-11-23 05:56:29,0  0  733  23034  72
2025-11-23 05:56:34,0  0  733  23034  72
2025-11-23 05:56:39,0  0  733  23034  72
2025-11-23 05:56:44,0  0  733  23034  72
2025-11-23 05:56:49,0  0  733  23034  72
2025-11-23 05:56:54,0  0  733  23034  72
2025-11-23 05:56:59,0  0  733  23034  72
2025-11-23 05:57:04,0  0  733  23034  72
2025-11-23 05:57:09,0  0  733  23034  72
2025-11-23 05:57:14,0  0  733  23034  72
2025-11-23 05:57:19,0  0  733  23034  72
2025-11-23 05:57:24,0  0  733  23034  72
2025-11-23 05:57:29,0  0  733  23034  72
2025-11-23 05:57:34,0  0  733  23034  72
2025-11-23 05:57:39,0  0  733  23034  72
2025-11-23 05:57:44,0  0  733  23034  72
2025-11-23 05:57:49,0  0  733  23034  72
2025-11-23 05:57:54,0  0  733  23034  72
2025-11-23 05:57:59,0  0  733  23034  72
2025-11-23 05:58:04,0  0  733  23034  72
2025-11-23 05:58:09,0  0  733  23034  72
2025-11-23 05:58:14,0  0  733  23034  72
2025-11-23 05:58:19,0  0  733  23034  72
2025-11-23 05:58:24,0  0  733  23034  72
2025-11-23 05:58:29,0  0  733  23034  72
2025-11-23 05:58:34,0  0  733  23034  72
2025-11-23 05:58:39,0  0  733  23034  72
2025-11-23 05:58:44,0  0  733  23034  72
2025-11-23 05:58:49,0  0  733  23034  72
2025-11-23 05:58:54,0  0  733  23034  72
2025-11-23 05:58:59,0  0  733  23034  72
2025-11-23 05:59:04,0  0  733  23034  72
2025-11-23 05:59:09,0  0  733  23034  72
2025-11-23 05:59:14,0  0  733  23034  72
2025-11-23 05:59:19,0  0  733  23034  72
2025-11-23 05:59:25,0  0  733  23034  72
2025-11-23 05:59:30,0  0  733  23034  72
2025-11-23 05:59:35,0  0  733  23034  72
2025-11-23 05:59:40,0  0  733  23034  72
2025-11-23 05:59:45,0  0  733  23034  72
2025-11-23 05:59:50,0  0  733  23034  72
2025-11-23 05:59:55,0  0  733  23034  72
2025-11-23 06:00:00,0  0  733  23034  72
2025-11-23 06:00:05,0  0  733  23034  72
2025-11-23 06:00:10,0  0  733  23034  72
2025-11-23 06:00:15,0  0  733  23034  72
2025-11-23 06:00:20,0  0  733  23034  72
2025-11-23 06:00:25,0  0  733  23034  72
2025-11-23 06:00:30,0  0  733  23034  72
2025-11-23 06:00:35,0  0  733  23034  72
2025-11-23 06:00:40,0  0  733  23034  72
2025-11-23 06:00:45,0  0  733  23034  72
2025-11-23 06:00:50,0  0  733  23034  72
2025-11-23 06:00:55,0  0  733  23034  72
2025-11-23 06:01:00,0  0  733  23034  72
2025-11-23 06:01:05,0  0  733  23034  72
2025-11-23 06:01:10,0  0  733  23034  72
2025-11-23 06:01:15,0  0  733  23034  72
2025-11-23 06:01:20,0  0  733  23034  72
2025-11-23 06:01:25,0  0  733  23034  72
2025-11-23 06:01:30,0  0  733  23034  72
2025-11-23 06:01:35,0  0  733  23034  72
2025-11-23 06:01:40,0  0  733  23034  72
2025-11-23 06:01:45,0  0  733  23034  72
2025-11-23 06:01:50,0  0  733  23034  72
2025-11-23 06:01:55,0  0  733  23034  72
2025-11-23 06:02:00,0  0  733  23034  72
2025-11-23 06:02:05,0  0  733  23034  72
2025-11-23 06:02:10,0  0  733  23034  72
2025-11-23 06:02:15,0  0  733  23034  72
2025-11-23 06:02:20,0  0  733  23034  72
2025-11-23 06:02:25,0  0  733  23034  72
2025-11-23 06:02:30,0  0  733  23034  72
2025-11-23 06:02:35,0  0  733  23034  72
2025-11-23 06:02:40,0  0  733  23034  72
2025-11-23 06:02:45,0  0  733  23034  72
2025-11-23 06:02:50,0  0  733  23034  72
2025-11-23 06:02:55,0  0  733  23034  72
2025-11-23 06:03:00,0  0  733  23034  72
2025-11-23 06:03:06,0  0  733  23034  72
2025-11-23 06:03:11,0  0  733  23034  72
2025-11-23 06:03:16,0  0  733  23034  72
2025-11-23 06:03:21,0  0  733  23034  72
2025-11-23 06:03:26,0  0  733  23034  72
2025-11-23 06:03:31,0  0  733  23034  72
2025-11-23 06:03:36,0  0  733  23034  72
2025-11-23 06:03:41,0  0  733  23034  72
2025-11-23 06:03:46,0  0  733  23034  72
2025-11-23 06:03:51,0  0  733  23034  72
2025-11-23 06:03:56,0  0  733  23034  72
2025-11-23 06:04:01,0  0  733  23034  72
2025-11-23 06:04:06,0  0  733  23034  72
2025-11-23 06:04:11,0  0  733  23034  72
2025-11-23 06:04:16,0  0  733  23034  72
2025-11-23 06:04:21,0  0  733  23034  72
2025-11-23 06:04:26,0  0  733  23034  72
2025-11-23 06:04:31,0  0  733  23034  72
2025-11-23 06:04:36,0  0  733  23034  72
2025-11-23 06:04:41,0  0  733  23034  72
2025-11-23 06:04:46,0  0  733  23034  72
2025-11-23 06:04:51,0  0  733  23034  72
2025-11-23 06:04:56,0  0  733  23034  72
2025-11-23 06:05:01,0  0  733  23034  72
2025-11-23 06:05:06,0  0  733  23034  72
2025-11-23 06:05:11,0  0  733  23034  72
2025-11-23 06:05:16,0  0  733  23034  72
2025-11-23 06:05:21,0  0  733  23034  72
2025-11-23 06:05:26,0  0  733  23034  72
2025-11-23 06:05:31,0  0  733  23034  72
2025-11-23 06:05:36,0  0  733  23034  72
2025-11-23 06:05:41,0  0  733  23034  72
2025-11-23 06:05:46,0  0  733  23034  72
2025-11-23 06:05:51,0  0  733  23034  72
2025-11-23 06:05:56,0  0  733  23034  72
2025-11-23 06:06:01,0  0  733  23034  72
2025-11-23 06:06:06,0  0  733  23034  72
2025-11-23 06:06:11,0  0  733  23034  72
2025-11-23 06:06:16,0  0  733  23034  72
2025-11-23 06:06:21,0  0  733  23034  72
2025-11-23 06:06:26,0  0  733  23034  72
2025-11-23 06:06:31,0  0  733  23034  72
2025-11-23 06:06:36,0  0  733  23034  72
2025-11-23 06:06:41,0  0  733  23034  72
2025-11-23 06:06:46,0  0  733  23034  72
2025-11-23 06:06:52,0  0  733  23034  72
2025-11-23 06:06:57,0  0  733  23034  72
2025-11-23 06:07:02,0  0  733  23034  72
2025-11-23 06:07:07,0  0  733  23034  72
2025-11-23 06:07:12,0  0  733  23034  72
2025-11-23 06:07:17,0  0  733  23034  72
2025-11-23 06:07:22,0  0  733  23034  72
2025-11-23 06:07:27,0  0  733  23034  72
2025-11-23 06:07:32,0  0  733  23034  72
2025-11-23 06:07:37,0  0  733  23034  72
2025-11-23 06:07:42,0  0  733  23034  72
2025-11-23 06:07:47,0  0  733  23034  72
2025-11-23 06:07:52,0  0  733  23034  72
2025-11-23 06:07:57,0  0  733  23034  72
2025-11-23 06:08:02,0  0  733  23034  72
2025-11-23 06:08:07,0  0  733  23034  72
2025-11-23 06:08:12,0  0  733  23034  72
2025-11-23 06:08:17,0  0  733  23034  72
2025-11-23 06:08:22,0  0  733  23034  72
2025-11-23 06:08:27,0  0  733  23034  72
2025-11-23 06:08:32,0  0  733  23034  72
2025-11-23 06:08:37,0  0  733  23034  72
2025-11-23 06:08:42,0  0  733  23034  72
2025-11-23 06:08:47,0  0  733  23034  72
2025-11-23 06:08:52,0  0  733  23034  72
2025-11-23 06:08:57,0  0  733  23034  72
2025-11-23 06:09:02,0  0  733  23034  72
2025-11-23 06:09:07,0  0  733  23034  72
2025-11-23 06:09:12,0  0  733  23034  72
2025-11-23 06:09:17,0  0  733  23034  72
2025-11-23 06:09:22,0  0  733  23034  72
2025-11-23 06:09:27,0  0  733  23034  72
2025-11-23 06:09:32,0  0  733  23034  72
2025-11-23 06:09:37,0  0  733  23034  72
2025-11-23 06:09:42,0  0  733  23034  72
2025-11-23 06:09:47,0  0  733  23034  72
2025-11-23 06:09:52,0  0  733  23034  72
2025-11-23 06:09:57,0  0  733  23034  72
2025-11-23 06:10:02,0  0  733  23034  72
2025-11-23 06:10:07,0  0  733  23034  72
2025-11-23 06:10:12,0  0  733  23034  72
2025-11-23 06:10:17,0  0  733  23034  72
2025-11-23 06:10:22,0  0  733  23034  72
2025-11-23 06:10:27,0  0  733  23034  72
2025-11-23 06:10:33,0  0  733  23034  72
2025-11-23 06:10:38,0  0  733  23034  72
2025-11-23 06:10:43,0  0  733  23034  72
2025-11-23 06:10:48,0  0  733  23034  72
2025-11-23 06:10:53,0  0  733  23034  72
2025-11-23 06:10:58,0  0  733  23034  72
2025-11-23 06:11:03,0  0  733  23034  72
2025-11-23 06:11:08,0  0  733  23034  72
2025-11-23 06:11:13,0  0  733  23034  72
2025-11-23 06:11:18,0  0  733  23034  72
2025-11-23 06:11:23,0  0  733  23034  72
2025-11-23 06:11:28,0  0  733  23034  72
2025-11-23 06:11:33,0  0  733  23034  72
2025-11-23 06:11:38,0  0  733  23034  72
2025-11-23 06:11:43,0  0  733  23034  72
2025-11-23 06:11:48,0  0  733  23034  72
2025-11-23 06:11:53,0  0  733  23034  72
2025-11-23 06:11:58,0  0  733  23034  72
2025-11-23 06:12:03,0  0  733  23034  72
2025-11-23 06:12:08,0  0  733  23034  72
2025-11-23 06:12:13,0  0  733  23034  72
2025-11-23 06:12:18,0  0  733  23034  72
2025-11-23 06:12:23,0  0  733  23034  72
2025-11-23 06:12:28,0  0  733  23034  72
2025-11-23 06:12:33,0  0  733  23034  72
2025-11-23 06:12:38,0  0  733  23034  72
2025-11-23 06:12:43,0  0  733  23034  72
2025-11-23 06:12:48,0  0  733  23034  72
2025-11-23 06:12:53,0  0  733  23034  72
2025-11-23 06:12:58,0  0  733  23034  72
2025-11-23 06:13:03,0  0  733  23034  72
2025-11-23 06:13:08,0  0  733  23034  72
2025-11-23 06:13:13,0  0  733  23034  72
2025-11-23 06:13:18,0  0  733  23034  72
2025-11-23 06:13:23,0  0  733  23034  72
2025-11-23 06:13:28,0  0  733  23034  72
2025-11-23 06:13:33,0  0  733  23034  72
2025-11-23 06:13:38,0  0  733  23034  72
2025-11-23 06:13:43,0  0  733  23034  72
2025-11-23 06:13:48,0  0  733  23034  72
2025-11-23 06:13:53,0  0  733  23034  72
2025-11-23 06:13:58,0  0  733  23034  72
2025-11-23 06:14:03,0  0  733  23034  72
2025-11-23 06:14:08,0  0  733  23034  72
2025-11-23 06:14:14,0  0  733  23034  72
2025-11-23 06:14:19,0  0  733  23034  72
2025-11-23 06:14:24,0  0  733  23034  72
2025-11-23 06:14:29,0  0  733  23034  72
2025-11-23 06:14:34,0  0  733  23034  72
2025-11-23 06:14:39,0  0  733  23034  72
2025-11-23 06:14:44,0  0  733  23034  72
2025-11-23 06:14:49,0  0  733  23034  72
2025-11-23 06:14:54,0  0  733  23034  72
2025-11-23 06:14:59,0  0  733  23034  72
2025-11-23 06:15:04,0  0  733  23034  72
2025-11-23 06:15:09,0  0  733  23034  72
2025-11-23 06:15:14,0  0  733  23034  72
2025-11-23 06:15:19,0  0  733  23034  72
2025-11-23 06:15:24,0  0  733  23034  72
2025-11-23 06:15:29,0  0  733  23034  72
2025-11-23 06:15:34,0  0  733  23034  72
2025-11-23 06:15:39,0  0  733  23034  72
2025-11-23 06:15:44,0  0  733  23034  72
2025-11-23 06:15:49,0  0  733  23034  72
2025-11-23 06:15:54,0  0  733  23034  72
2025-11-23 06:15:59,0  0  733  23034  72
2025-11-23 06:16:04,0  0  733  23034  72
2025-11-23 06:16:09,0  0  733  23034  72
2025-11-23 06:16:14,0  0  733  23034  72
2025-11-23 06:16:19,0  0  733  23034  72
2025-11-23 06:16:24,0  0  733  23034  72
2025-11-23 06:16:29,0  0  733  23034  72
2025-11-23 06:16:34,0  0  733  23034  72
2025-11-23 06:16:39,0  0  733  23034  72
2025-11-23 06:16:44,0  0  733  23034  72
2025-11-23 06:16:49,0  0  733  23034  72
2025-11-23 06:16:54,0  0  733  23034  72
2025-11-23 06:16:59,0  0  733  23034  72
2025-11-23 06:17:04,0  0  733  23034  72
2025-11-23 06:17:09,0  0  733  23034  72
2025-11-23 06:17:14,0  0  733  23034  72
2025-11-23 06:17:19,0  0  733  23034  72
2025-11-23 06:17:24,0  0  733  23034  72
2025-11-23 06:17:29,0  0  733  23034  72
2025-11-23 06:17:34,0  0  733  23034  72
2025-11-23 06:17:39,0  0  733  23034  72
2025-11-23 06:17:44,0  0  733  23034  72
2025-11-23 06:17:49,0  0  733  23034  72
2025-11-23 06:17:54,0  0  733  23034  72
2025-11-23 06:18:00,0  0  733  23034  72
2025-11-23 06:18:05,0  0  733  23034  72
2025-11-23 06:18:10,0  0  733  23034  72
2025-11-23 06:18:15,0  0  733  23034  72
2025-11-23 06:18:20,0  0  733  23034  72
2025-11-23 06:18:25,0  0  733  23034  72
2025-11-23 06:18:30,0  0  733  23034  72
2025-11-23 06:18:35,0  0  733  23034  72
2025-11-23 06:18:40,0  0  733  23034  72
2025-11-23 06:18:45,0  0  733  23034  72
2025-11-23 06:18:50,0  0  733  23034  72
2025-11-23 06:18:55,0  0  733  23034  72
2025-11-23 06:19:00,0  0  733  23034  72
2025-11-23 06:19:05,0  0  733  23034  72
2025-11-23 06:19:10,0  0  733  23034  72
2025-11-23 06:19:15,0  0  733  23034  72
2025-11-23 06:19:20,0  0  733  23034  72
2025-11-23 06:19:25,0  0  733  23034  72
2025-11-23 06:19:30,0  0  733  23034  72
2025-11-23 06:19:35,0  0  733  23034  72
2025-11-23 06:19:40,0  0  733  23034  72
2025-11-23 06:19:45,0  0  733  23034  72
2025-11-23 06:19:50,0  0  733  23034  72
2025-11-23 06:19:55,0  0  733  23034  72
2025-11-23 06:20:00,0  0  733  23034  72
2025-11-23 06:20:05,0  0  733  23034  72
2025-11-23 06:20:10,0  0  733  23034  72
2025-11-23 06:20:15,0  0  733  23034  72
2025-11-23 06:20:20,0  0  733  23034  72
2025-11-23 06:20:25,0  0  733  23034  72
2025-11-23 06:20:30,0  0  733  23034  72
2025-11-23 06:20:35,0  0  733  23034  72
2025-11-23 06:20:40,0  0  733  23034  72
2025-11-23 06:20:45,0  0  733  23034  72
2025-11-23 06:20:50,0  0  733  23034  72
2025-11-23 06:20:55,0  0  733  23034  72
2025-11-23 06:21:00,0  0  733  23034  72
2025-11-23 06:21:05,0  0  733  23034  72
2025-11-23 06:21:10,0  0  733  23034  72
2025-11-23 06:21:15,0  0  733  23034  72
2025-11-23 06:21:20,0  0  733  23034  72
2025-11-23 06:21:25,0  0  733  23034  72
2025-11-23 06:21:30,0  0  733  23034  72
2025-11-23 06:21:35,0  0  733  23034  72
2025-11-23 06:21:41,0  0  733  23034  72
2025-11-23 06:21:46,0  0  733  23034  72
2025-11-23 06:21:51,0  0  733  23034  72
2025-11-23 06:21:56,0  0  733  23034  72
2025-11-23 06:22:01,0  0  733  23034  72
2025-11-23 06:22:06,0  0  733  23034  72
2025-11-23 06:22:11,0  0  733  23034  72
2025-11-23 06:22:16,0  0  733  23034  72
2025-11-23 06:22:21,0  0  733  23034  72
2025-11-23 06:22:26,0  0  733  23034  72
2025-11-23 06:22:31,0  0  733  23034  72
2025-11-23 06:22:36,0  0  733  23034  72
2025-11-23 06:22:41,0  0  733  23034  72
2025-11-23 06:22:46,0  0  733  23034  72
2025-11-23 06:22:51,0  0  733  23034  72
2025-11-23 06:22:56,0  0  733  23034  72
2025-11-23 06:23:01,0  0  733  23034  72
2025-11-23 06:23:06,0  0  733  23034  72
2025-11-23 06:23:11,0  0  733  23034  72
2025-11-23 06:23:16,0  0  733  23034  72
2025-11-23 06:23:21,0  0  733  23034  72
2025-11-23 06:23:26,0  0  733  23034  72
2025-11-23 06:23:31,0  0  733  23034  72
2025-11-23 06:23:36,0  0  733  23034  72
2025-11-23 06:23:41,0  0  733  23034  72
2025-11-23 06:23:46,0  0  733  23034  72
2025-11-23 06:23:51,0  0  733  23034  72
2025-11-23 06:23:56,0  0  733  23034  72
2025-11-23 06:24:01,0  0  733  23034  72
2025-11-23 06:24:06,0  0  733  23034  72
2025-11-23 06:24:11,0  0  733  23034  72
2025-11-23 06:24:16,0  0  733  23034  72
2025-11-23 06:24:21,0  0  733  23034  72
2025-11-23 06:24:26,0  0  733  23034  72
2025-11-23 06:24:31,0  0  733  23034  72
2025-11-23 06:24:36,0  0  733  23034  72
2025-11-23 06:24:41,0  0  733  23034  72
2025-11-23 06:24:46,0  0  733  23034  72
2025-11-23 06:24:51,0  0  733  23034  72
2025-11-23 06:24:56,0  0  733  23034  72
2025-11-23 06:25:01,0  0  733  23034  72
2025-11-23 06:25:06,0  0  733  23034  72
2025-11-23 06:25:11,0  0  733  23034  72
2025-11-23 06:25:16,0  0  733  23034  72
2025-11-23 06:25:21,0  0  733  23034  72
2025-11-23 06:25:27,0  0  733  23034  72
2025-11-23 06:25:32,0  0  733  23034  72
2025-11-23 06:25:37,0  0  733  23034  72
2025-11-23 06:25:42,0  0  733  23034  72
2025-11-23 06:25:47,0  0  733  23034  72
2025-11-23 06:25:52,0  0  733  23034  72
2025-11-23 06:25:57,0  0  733  23034  72
2025-11-23 06:26:02,0  0  733  23034  72
2025-11-23 06:26:07,0  0  733  23034  72
2025-11-23 06:26:12,0  0  733  23034  72
2025-11-23 06:26:17,0  0  733  23034  72
2025-11-23 06:26:22,0  0  733  23034  72
2025-11-23 06:26:27,0  0  733  23034  72
2025-11-23 06:26:32,0  0  733  23034  72
2025-11-23 06:26:37,0  0  733  23034  72
2025-11-23 06:26:42,0  0  733  23034  72
2025-11-23 06:26:47,0  0  733  23034  72
2025-11-23 06:26:52,0  0  733  23034  72
2025-11-23 06:26:57,0  0  733  23034  72
2025-11-23 06:27:02,0  0  733  23034  72
2025-11-23 06:27:07,0  0  733  23034  72
2025-11-23 06:27:12,0  0  733  23034  72
2025-11-23 06:27:17,0  0  733  23034  72
2025-11-23 06:27:22,0  0  733  23034  72
2025-11-23 06:27:27,0  0  733  23034  72
2025-11-23 06:27:32,0  0  733  23034  72
2025-11-23 06:27:37,0  0  733  23034  72
2025-11-23 06:27:42,0  0  733  23034  72
2025-11-23 06:27:47,0  0  733  23034  72
2025-11-23 06:27:52,0  0  733  23034  72
2025-11-23 06:27:57,0  0  733  23034  72
2025-11-23 06:28:02,0  0  733  23034  72
2025-11-23 06:28:07,0  0  733  23034  72
2025-11-23 06:28:12,0  0  733  23034  72
2025-11-23 06:28:17,0  0  733  23034  72
2025-11-23 06:28:22,0  0  733  23034  72
2025-11-23 06:28:27,0  0  733  23034  72
2025-11-23 06:28:32,0  0  733  23034  72
2025-11-23 06:28:37,0  0  733  23034  72
2025-11-23 06:28:42,0  0  733  23034  72
2025-11-23 06:28:47,0  0  733  23034  72
2025-11-23 06:28:52,0  0  733  23034  72
2025-11-23 06:28:57,0  0  733  23034  72
2025-11-23 06:29:02,0  0  733  23034  72
2025-11-23 06:29:08,0  0  733  23034  72
2025-11-23 06:29:13,0  0  733  23034  72
2025-11-23 06:29:18,0  0  733  23034  72
2025-11-23 06:29:23,0  0  733  23034  72
2025-11-23 06:29:28,0  0  733  23034  72
2025-11-23 06:29:33,0  0  733  23034  72
2025-11-23 06:29:38,0  0  733  23034  72
2025-11-23 06:29:43,0  0  733  23034  72
2025-11-23 06:29:48,0  0  733  23034  72
2025-11-23 06:29:53,0  0  733  23034  72
2025-11-23 06:29:58,0  0  733  23034  72
2025-11-23 06:30:03,0  0  733  23034  72
2025-11-23 06:30:08,0  0  733  23034  72
2025-11-23 06:30:13,0  0  733  23034  72
2025-11-23 06:30:18,0  0  733  23034  72
2025-11-23 06:30:23,0  0  733  23034  72
2025-11-23 06:30:28,0  0  733  23034  72
2025-11-23 06:30:33,0  0  733  23034  72
2025-11-23 06:30:38,0  0  733  23034  72
2025-11-23 06:30:43,0  0  733  23034  72
2025-11-23 06:30:48,0  0  733  23034  72
2025-11-23 06:30:53,0  0  733  23034  72
2025-11-23 06:30:58,0  0  733  23034  72
2025-11-23 06:31:03,0  0  733  23034  72
2025-11-23 06:31:08,0  0  733  23034  72
2025-11-23 06:31:13,0  0  733  23034  72
2025-11-23 06:31:18,0  0  733  23034  72
2025-11-23 06:31:23,0  0  733  23034  72
2025-11-23 06:31:28,0  0  733  23034  72
2025-11-23 06:31:33,0  0  733  23034  72
2025-11-23 06:31:38,0  0  733  23034  72
2025-11-23 06:31:43,0  0  733  23034  72
2025-11-23 06:31:48,0  0  733  23034  72
2025-11-23 06:31:53,0  0  733  23034  72
2025-11-23 06:31:58,0  0  733  23034  72
2025-11-23 06:32:03,0  0  733  23034  72
2025-11-23 06:32:08,0  0  733  23034  72
2025-11-23 06:32:13,0  0  733  23034  72
2025-11-23 06:32:18,0  0  733  23034  72
2025-11-23 06:32:23,0  0  733  23034  72
2025-11-23 06:32:28,0  0  733  23034  72
2025-11-23 06:32:33,0  0  733  23034  72
2025-11-23 06:32:38,0  0  733  23034  72
2025-11-23 06:32:43,0  0  733  23034  72
2025-11-23 06:32:48,0  0  733  23034  72
2025-11-23 06:32:54,0  0  733  23034  72
2025-11-23 06:32:59,0  0  733  23034  72
2025-11-23 06:33:04,0  0  733  23034  72
2025-11-23 06:33:09,0  0  733  23034  72
2025-11-23 06:33:14,0  0  733  23034  72
2025-11-23 06:33:19,0  0  733  23034  72
2025-11-23 06:33:24,0  0  733  23034  72
2025-11-23 06:33:29,0  0  733  23034  72
2025-11-23 06:33:34,0  0  733  23034  72
2025-11-23 06:33:39,0  0  733  23034  72
2025-11-23 06:33:44,0  0  733  23034  72
2025-11-23 06:33:49,0  0  733  23034  72
2025-11-23 06:33:54,0  0  733  23034  72
2025-11-23 06:33:59,0  0  733  23034  72
2025-11-23 06:34:04,0  0  733  23034  72
2025-11-23 06:34:09,0  0  733  23034  72
2025-11-23 06:34:14,0  0  733  23034  72
2025-11-23 06:34:19,0  0  733  23034  72
2025-11-23 06:34:24,0  0  733  23034  72
2025-11-23 06:34:29,0  0  733  23034  72
2025-11-23 06:34:34,0  0  733  23034  72
2025-11-23 06:34:39,0  0  733  23034  72
2025-11-23 06:34:44,0  0  733  23034  72
2025-11-23 06:34:49,0  0  733  23034  72
2025-11-23 06:34:54,0  0  733  23034  72
2025-11-23 06:34:59,0  0  733  23034  72
2025-11-23 06:35:04,0  0  733  23034  72
2025-11-23 06:35:09,0  0  733  23034  72
2025-11-23 06:35:14,0  0  733  23034  72
2025-11-23 06:35:19,0  0  733  23034  72
2025-11-23 06:35:24,0  0  733  23034  72
2025-11-23 06:35:29,0  0  733  23034  72
2025-11-23 06:35:34,0  0  733  23034  72
2025-11-23 06:35:39,0  0  733  23034  72
2025-11-23 06:35:44,0  0  733  23034  72
2025-11-23 06:35:49,0  0  733  23034  72
2025-11-23 06:35:54,0  0  733  23034  72
2025-11-23 06:35:59,0  0  733  23034  72
2025-11-23 06:36:04,0  0  733  23034  72
2025-11-23 06:36:09,0  0  733  23034  72
2025-11-23 06:36:14,0  0  733  23034  72
2025-11-23 06:36:19,0  0  733  23034  72
2025-11-23 06:36:24,0  0  733  23034  72
2025-11-23 06:36:29,0  0  733  23034  72
2025-11-23 06:36:35,0  0  733  23034  72
2025-11-23 06:36:40,0  0  733  23034  72
2025-11-23 06:36:45,0  0  733  23034  72
2025-11-23 06:36:50,0  0  733  23034  72
2025-11-23 06:36:55,0  0  733  23034  72
2025-11-23 06:37:00,0  0  733  23034  72
2025-11-23 06:37:05,0  0  733  23034  72
2025-11-23 06:37:10,0  0  733  23034  72
2025-11-23 06:37:15,0  0  733  23034  72
2025-11-23 06:37:20,0  0  733  23034  72
2025-11-23 06:37:25,0  0  733  23034  72
2025-11-23 06:37:30,0  0  733  23034  72
2025-11-23 06:37:35,0  0  733  23034  72
2025-11-23 06:37:40,0  0  733  23034  72
2025-11-23 06:37:45,0  0  733  23034  72
2025-11-23 06:37:50,0  0  733  23034  72
2025-11-23 06:37:55,0  0  733  23034  72
2025-11-23 06:38:00,0  0  733  23034  72
2025-11-23 06:38:05,0  0  733  23034  72
2025-11-23 06:38:10,0  0  733  23034  72
2025-11-23 06:38:15,0  0  733  23034  72
2025-11-23 06:38:20,0  0  733  23034  72
2025-11-23 06:38:25,0  0  733  23034  72
2025-11-23 06:38:30,0  0  733  23034  72
2025-11-23 06:38:35,0  0  733  23034  72
2025-11-23 06:38:40,0  0  733  23034  72
2025-11-23 06:38:45,0  0  733  23034  72
2025-11-23 06:38:50,0  0  733  23034  72
2025-11-23 06:38:55,0  0  733  23034  72
2025-11-23 06:39:00,0  0  733  23034  72
2025-11-23 06:39:05,0  0  733  23034  72
2025-11-23 06:39:10,0  0  733  23034  72
2025-11-23 06:39:15,0  0  733  23034  72
2025-11-23 06:39:20,0  0  733  23034  72
2025-11-23 06:39:25,0  0  733  23034  72
2025-11-23 06:39:30,0  0  733  23034  72
2025-11-23 06:39:35,0  0  733  23034  72
2025-11-23 06:39:40,0  0  733  23034  72
2025-11-23 06:39:45,0  0  733  23034  72
2025-11-23 06:39:50,0  0  733  23034  72
2025-11-23 06:39:55,0  0  733  23034  72
2025-11-23 06:40:00,0  0  733  23034  72
2025-11-23 06:40:05,0  0  733  23034  72
2025-11-23 06:40:10,0  0  733  23034  72
2025-11-23 06:40:16,0  0  733  23034  72
2025-11-23 06:40:21,0  0  733  23034  72
